<?xml version="1.0" encoding="UTF-8"?>
<!-- Generated by org.testng.reporters.JUnitXMLReporter -->
<testsuite ignored="0" hostname="DESKTOP-D27FDN2" failures="1" tests="35" name="Command line test" time="158.245" errors="0" timestamp="2021-02-09T03:38:04 GMT-08:00">
  <testcase classname="hpe.SSDSelectorTool.SSDCompleteTest" name="LetStart" time="13.314"/>
  <testcase classname="hpe.SSDSelectorTool.SSDCompleteTest" name="ToVerifyWorkloadURL" time="0.017"/>
  <testcase classname="hpe.SSDSelectorTool.SSDCompleteTest" name="ToVerifyNextBtn" time="0.029"/>
  <testcase classname="hpe.SSDSelectorTool.SSDCompleteTest" name="ToVerifySelectALLWorkload" time="1.809"/>
  <testcase classname="hpe.SSDSelectorTool.SSDCompleteTest" name="ToVerifySSDTypeURL" time="0.008"/>
  <testcase classname="hpe.SSDSelectorTool.SSDCompleteTest" name="ToVerifySSDTypeSelected" time="1.756"/>
  <testcase classname="hpe.SSDSelectorTool.SSDCompleteTest" name="ToVerifyServerTypeURL" time="0.012"/>
  <testcase classname="hpe.SSDSelectorTool.SSDCompleteTest" name="ToVerifyServerTypeList" time="1.499"/>
  <testcase classname="hpe.SSDSelectorTool.SSDCompleteTest" name="ToVerifySeverModelList" time="9.541"/>
  <testcase classname="hpe.SSDSelectorTool.SSDCompleteTest" name="ToVerifySelectServerTypeAndServerModel" time="3.957"/>
  <testcase classname="hpe.SSDSelectorTool.SSDCompleteTest" name="ToVerfiyCapacityURL" time="1.555"/>
  <testcase classname="hpe.SSDSelectorTool.SSDCompleteTest" name="ToVerifyEditSelectedInterfaceOptions" time="23.043"/>
  <testcase classname="hpe.SSDSelectorTool.SSDCompleteTest" name="ToVerifyEditSelectedFormFactorOptions" time="22.822"/>
  <testcase classname="hpe.SSDSelectorTool.SSDCompleteTest" name="ToVerifyEditMainstreamOptions" time="0.151"/>
  <testcase classname="hpe.SSDSelectorTool.SSDCompleteTest" name="ToVerifyMainstreamSelectAll" time="4.691"/>
  <testcase classname="hpe.SSDSelectorTool.SSDCompleteTest" name="ToVerifySSDResultPage" time="1.088"/>
  <testcase classname="hpe.SSDSelectorTool.SSDCompleteTest" name="ToVerifySSDMainstreamResults" time="0.06"/>
  <testcase classname="hpe.SSDSelectorTool.SSDIKnowPageTest" name="ToVerifyIKnowWhatINeedURL" time="0.005"/>
  <testcase classname="hpe.SSDSelectorTool.SSDIKnowPageTest" name="ToVerifySSDResults" time="0.085">
    <failure type="java.lang.AssertionError" message="expected [112 -  SSDs meet your requirements] but found [250 -  SSDs meet your requirements]">
      <![CDATA[java.lang.AssertionError: expected [112 -  SSDs meet your requirements] but found [250 -  SSDs meet your requirements]
at hpe.SSDSelectorTool.SSDIKnowPageTest.ToVerifySSDResults(SSDIKnowPageTest.java:107)
at java.base/java.util.ArrayList.forEach(ArrayList.java:1511)
... Removed 42 stack frames]]>
    </failure>
  </testcase> <!-- ToVerifySSDResults -->
  <testcase classname="hpe.SSDSelectorTool.SSDIKnowPageTest" name="ToVerifyExcelFileResults" time="6.108"/>
  <testcase classname="hpe.SSDSelectorTool.SSDServerCompTest" name="LetStart" time="14.248"/>
  <testcase classname="hpe.SSDSelectorTool.SSDServerCompTest" name="ToVerifyWorkloadURL" time="0.01"/>
  <testcase classname="hpe.SSDSelectorTool.SSDServerCompTest" name="ToVerifyReadWorkloadLabel" time="0.029"/>
  <testcase classname="hpe.SSDSelectorTool.SSDServerCompTest" name="ToVerifyMixedWorkloadLabel" time="0.03"/>
  <testcase classname="hpe.SSDSelectorTool.SSDServerCompTest" name="ToVerifySelectReadAnDMixedWorkloads" time="0.132"/>
  <testcase classname="hpe.SSDSelectorTool.SSDServerCompTest" name="ToVerifySSDTypesAutoSelected" time="2.973"/>
  <testcase classname="hpe.SSDSelectorTool.SSDServerCompTest" name="ToVerifyServerTypeAndServerModel" time="6.227"/>
  <testcase classname="hpe.SSDSelectorTool.SSDServerCompTest" name="ToVerifyDriveCapacityChange" time="3.42"/>
  <testcase classname="hpe.SSDSelectorTool.SSDServerCompTest" name="ToVerifyNxtBtnDisabled" time="0.384"/>
  <testcase classname="hpe.SSDSelectorTool.SSDServerCompTest" name="ToVerifyCapacityMaxSlider" time="2.028"/>
  <testcase classname="hpe.SSDSelectorTool.SSDServerCompTest" name="ToVerifyInterfaceTypeAutoSelected" time="3.377"/>
  <testcase classname="hpe.SSDSelectorTool.SSDServerCompTest" name="ToVerifyFormFactorAutoSelected" time="2.51"/>
  <testcase classname="hpe.SSDSelectorTool.SSDServerCompTest" name="ToVerifySKUMainstream" time="3.468"/>
  <testcase classname="hpe.SSDSelectorTool.SSDServerCompTest" name="ToVerifySelectedConfigurationDisplayed" time="2.416"/>
  <testcase classname="hpe.SSDSelectorTool.SSDServerCompTest" name="ToVerifySSDResults" time="4.198"/>
</testsuite> <!-- Command line test -->
